2016-01-11 17:51:52.374623
2016-01-11 17:53:30.581826
2016-01-11 17:54:36.475594
Ride Along 2
Norm Of The North
METLive: Les Pecheurs de Perles
Butch Cassidy and the Sundance Kid (1969) presented by TCM
Monkey Up
The Finest Hours
Lazer Team
Kung Fu Panda 3
METLive: Turnadot
Pretty in Pink 30th Anniversary
Women of Faith: An Amazing Joyful Journey
Risen
The Maltese Falcon 75th Anniversary (1941) presented by TCM
Jack Of The Red Hearts
METLive: Manon Lescaut
The Young Messiah
Ten Commandments (1956) presented by TCM
METLive: Madama Butterfly
METLive: Roberto Devereux
On the Waterfront (1954) presented by TCM
METLive: Elektra
Ferris Bueller’s Day Off (1986) presented by TCM
Willy Wonka and the Chocolate Factory (1971) presented by TCM
13 Hours:The Secret Soldiers Of Benghazi
Ride Along 2
Kung Fu Panda 3
Zoolander 2
Deadpool
How To Be Single
Gods Of Egypt
Zootopia
London Has Fallen
The Brothers Grimsby
Divergent Series: Allegiant
Batman V. Superman: Dawn Of Justice
My Big Fat Greek Wedding 2
Rings
Barbershop 3
The Jungle Book
2016-01-11 18:01:56.230729
Ride Along 2
Norm Of The North
METLive: Les Pecheurs de Perles
